<?xml version="1.0" encoding="UTF-8"?>
<!-- Generated by org.testng.reporters.JUnitXMLReporter -->
<testsuite ignored="0" hostname="LAPTOP-AOTFQ1S8" failures="0" tests="2" name="Default test" time="35.596" errors="0" timestamp="2023-01-09T16:57:24 IST">
  <testcase classname="com.demo.SwagLabs.modules.AddItemToCartTest" name="addItemToCartTest" time="13.334"/>
  <testcase classname="com.demo.SwagLabs.modules.AddItemToCartTest" name="print_All_Products_Test" time="0.542"/>
</testsuite> <!-- Default test -->
