<?xml version="1.0" encoding="UTF-8"?>
<testng-results ignored="0" total="2" passed="2" failed="0" skipped="0">
  <reporter-output>
  </reporter-output>
  <suite started-at="2023-01-09T17:05:17 IST" name="Suite" finished-at="2023-01-09T17:05:53 IST" duration-ms="35807">
    <groups>
    </groups>
    <test started-at="2023-01-09T17:05:17 IST" name="Test" finished-at="2023-01-09T17:05:53 IST" duration-ms="35807">
      <class name="com.demo.SwagLabs.modules.AddItemToCartTest">
        <test-method is-config="true" signature="launchingBrowser()[pri:0, instance:com.demo.SwagLabs.modules.AddItemToCartTest@cecf639]" started-at="2023-01-09T17:05:17 IST" name="launchingBrowser" finished-at="2023-01-09T17:05:33 IST" duration-ms="15826" status="PASS">
          <reporter-output>
          </reporter-output>
        </test-method> <!-- launchingBrowser -->
        <test-method is-config="true" signature="login()[pri:0, instance:com.demo.SwagLabs.modules.AddItemToCartTest@cecf639]" started-at="2023-01-09T17:05:33 IST" name="login" finished-at="2023-01-09T17:05:35 IST" duration-ms="1976" status="PASS">
          <reporter-output>
          </reporter-output>
        </test-method> <!-- login -->
        <test-method signature="addItemToCartTest()[pri:0, instance:com.demo.SwagLabs.modules.AddItemToCartTest@cecf639]" started-at="2023-01-09T17:05:35 IST" name="addItemToCartTest" finished-at="2023-01-09T17:05:48 IST" duration-ms="13580" status="PASS">
          <reporter-output>
          </reporter-output>
        </test-method> <!-- addItemToCartTest -->
        <test-method is-config="true" signature="Logout()[pri:0, instance:com.demo.SwagLabs.modules.AddItemToCartTest@cecf639]" started-at="2023-01-09T17:05:48 IST" name="Logout" finished-at="2023-01-09T17:05:49 IST" duration-ms="570" status="PASS">
          <reporter-output>
          </reporter-output>
        </test-method> <!-- Logout -->
        <test-method is-config="true" signature="login()[pri:0, instance:com.demo.SwagLabs.modules.AddItemToCartTest@cecf639]" started-at="2023-01-09T17:05:49 IST" name="login" finished-at="2023-01-09T17:05:50 IST" duration-ms="1439" status="PASS">
          <reporter-output>
          </reporter-output>
        </test-method> <!-- login -->
        <test-method signature="print_All_Products_Test()[pri:0, instance:com.demo.SwagLabs.modules.AddItemToCartTest@cecf639]" started-at="2023-01-09T17:05:50 IST" name="print_All_Products_Test" finished-at="2023-01-09T17:05:51 IST" duration-ms="766" status="PASS">
          <reporter-output>
          </reporter-output>
        </test-method> <!-- print_All_Products_Test -->
        <test-method is-config="true" signature="Logout()[pri:0, instance:com.demo.SwagLabs.modules.AddItemToCartTest@cecf639]" started-at="2023-01-09T17:05:51 IST" name="Logout" finished-at="2023-01-09T17:05:52 IST" duration-ms="420" status="PASS">
          <reporter-output>
          </reporter-output>
        </test-method> <!-- Logout -->
        <test-method is-config="true" signature="closingBrowser()[pri:0, instance:com.demo.SwagLabs.modules.AddItemToCartTest@cecf639]" started-at="2023-01-09T17:05:52 IST" name="closingBrowser" finished-at="2023-01-09T17:05:53 IST" duration-ms="990" status="PASS">
          <reporter-output>
          </reporter-output>
        </test-method> <!-- closingBrowser -->
      </class> <!-- com.demo.SwagLabs.modules.AddItemToCartTest -->
    </test> <!-- Test -->
  </suite> <!-- Suite -->
</testng-results>
