<?xml version="1.0" encoding="UTF-8"?>
<testng-results ignored="0" total="3" passed="3" failed="0" skipped="0">
  <reporter-output>
  </reporter-output>
  <suite started-at="2023-01-09T20:29:28 IST" name="Suite" finished-at="2023-01-09T20:30:25 IST" duration-ms="56696">
    <groups>
      <group name="regression">
        <method signature="TC_002_Print_All_Products_Test.print_All_Products_Test()[pri:0, instance:com.demo.SwagLabs.modules.TC_002_Print_All_Products_Test@268f106e]" name="print_All_Products_Test" class="com.demo.SwagLabs.modules.TC_002_Print_All_Products_Test"/>
        <method signature="TC_002_Print_All_Products_Test.print_All_Products_Test()[pri:0, instance:com.demo.SwagLabs.modules.TC_002_Print_All_Products_Test@6c4906d3]" name="print_All_Products_Test" class="com.demo.SwagLabs.modules.TC_002_Print_All_Products_Test"/>
        <method signature="TC_002_Print_All_Products_Test.print_All_Products_Test()[pri:0, instance:com.demo.SwagLabs.modules.TC_002_Print_All_Products_Test@4f32a3ad]" name="print_All_Products_Test" class="com.demo.SwagLabs.modules.TC_002_Print_All_Products_Test"/>
      </group> <!-- regression -->
    </groups>
    <test started-at="2023-01-09T20:29:28 IST" name="Test_runner_1" finished-at="2023-01-09T20:30:00 IST" duration-ms="31478">
      <class name="com.demo.SwagLabs.modules.TC_002_Print_All_Products_Test">
        <test-method is-config="true" signature="LaunchBrowser(java.lang.String)[pri:0, instance:com.demo.SwagLabs.modules.TC_002_Print_All_Products_Test@268f106e]" started-at="2023-01-09T20:29:29 IST" name="LaunchBrowser" finished-at="2023-01-09T20:29:48 IST" duration-ms="19182" status="PASS">
          <params>
            <param index="0">
              <value>
                <![CDATA[chrome]]>
              </value>
            </param>
          </params>
          <reporter-output>
          </reporter-output>
        </test-method> <!-- LaunchBrowser -->
        <test-method is-config="true" signature="login()[pri:0, instance:com.demo.SwagLabs.modules.TC_002_Print_All_Products_Test@268f106e]" started-at="2023-01-09T20:29:48 IST" name="login" finished-at="2023-01-09T20:29:56 IST" duration-ms="7916" status="PASS">
          <reporter-output>
          </reporter-output>
        </test-method> <!-- login -->
        <test-method signature="print_All_Products_Test()[pri:0, instance:com.demo.SwagLabs.modules.TC_002_Print_All_Products_Test@268f106e]" started-at="2023-01-09T20:29:56 IST" name="print_All_Products_Test" finished-at="2023-01-09T20:29:57 IST" duration-ms="1517" status="PASS">
          <reporter-output>
          </reporter-output>
        </test-method> <!-- print_All_Products_Test -->
        <test-method is-config="true" signature="Logout()[pri:0, instance:com.demo.SwagLabs.modules.TC_002_Print_All_Products_Test@268f106e]" started-at="2023-01-09T20:29:57 IST" name="Logout" finished-at="2023-01-09T20:29:58 IST" duration-ms="753" status="PASS">
          <reporter-output>
          </reporter-output>
        </test-method> <!-- Logout -->
        <test-method is-config="true" signature="closingBrowser()[pri:0, instance:com.demo.SwagLabs.modules.TC_002_Print_All_Products_Test@268f106e]" started-at="2023-01-09T20:29:58 IST" name="closingBrowser" finished-at="2023-01-09T20:30:00 IST" duration-ms="1863" status="PASS">
          <reporter-output>
          </reporter-output>
        </test-method> <!-- closingBrowser -->
      </class> <!-- com.demo.SwagLabs.modules.TC_002_Print_All_Products_Test -->
    </test> <!-- Test_runner_1 -->
    <test started-at="2023-01-09T20:29:28 IST" name="Test_runner_3" finished-at="2023-01-09T20:30:00 IST" duration-ms="31968">
      <class name="com.demo.SwagLabs.modules.TC_002_Print_All_Products_Test">
        <test-method is-config="true" signature="LaunchBrowser(java.lang.String)[pri:0, instance:com.demo.SwagLabs.modules.TC_002_Print_All_Products_Test@4f32a3ad]" started-at="2023-01-09T20:29:29 IST" name="LaunchBrowser" finished-at="2023-01-09T20:29:47 IST" duration-ms="18543" status="PASS">
          <params>
            <param index="0">
              <value>
                <![CDATA[edge]]>
              </value>
            </param>
          </params>
          <reporter-output>
          </reporter-output>
        </test-method> <!-- LaunchBrowser -->
        <test-method is-config="true" signature="login()[pri:0, instance:com.demo.SwagLabs.modules.TC_002_Print_All_Products_Test@4f32a3ad]" started-at="2023-01-09T20:29:47 IST" name="login" finished-at="2023-01-09T20:29:57 IST" duration-ms="10251" status="PASS">
          <reporter-output>
          </reporter-output>
        </test-method> <!-- login -->
        <test-method signature="print_All_Products_Test()[pri:0, instance:com.demo.SwagLabs.modules.TC_002_Print_All_Products_Test@4f32a3ad]" started-at="2023-01-09T20:29:57 IST" name="print_All_Products_Test" finished-at="2023-01-09T20:29:58 IST" duration-ms="1022" status="PASS">
          <reporter-output>
          </reporter-output>
        </test-method> <!-- print_All_Products_Test -->
        <test-method is-config="true" signature="Logout()[pri:0, instance:com.demo.SwagLabs.modules.TC_002_Print_All_Products_Test@4f32a3ad]" started-at="2023-01-09T20:29:58 IST" name="Logout" finished-at="2023-01-09T20:29:59 IST" duration-ms="456" status="PASS">
          <reporter-output>
          </reporter-output>
        </test-method> <!-- Logout -->
        <test-method is-config="true" signature="closingBrowser()[pri:0, instance:com.demo.SwagLabs.modules.TC_002_Print_All_Products_Test@4f32a3ad]" started-at="2023-01-09T20:29:59 IST" name="closingBrowser" finished-at="2023-01-09T20:30:00 IST" duration-ms="1437" status="PASS">
          <reporter-output>
          </reporter-output>
        </test-method> <!-- closingBrowser -->
      </class> <!-- com.demo.SwagLabs.modules.TC_002_Print_All_Products_Test -->
    </test> <!-- Test_runner_3 -->
    <test started-at="2023-01-09T20:29:28 IST" name="Test_runner_2" finished-at="2023-01-09T20:30:25 IST" duration-ms="56693">
      <class name="com.demo.SwagLabs.modules.TC_002_Print_All_Products_Test">
        <test-method is-config="true" signature="LaunchBrowser(java.lang.String)[pri:0, instance:com.demo.SwagLabs.modules.TC_002_Print_All_Products_Test@6c4906d3]" started-at="2023-01-09T20:29:29 IST" name="LaunchBrowser" finished-at="2023-01-09T20:30:15 IST" duration-ms="46513" status="PASS">
          <params>
            <param index="0">
              <value>
                <![CDATA[firefox]]>
              </value>
            </param>
          </params>
          <reporter-output>
          </reporter-output>
        </test-method> <!-- LaunchBrowser -->
        <test-method is-config="true" signature="login()[pri:0, instance:com.demo.SwagLabs.modules.TC_002_Print_All_Products_Test@6c4906d3]" started-at="2023-01-09T20:30:15 IST" name="login" finished-at="2023-01-09T20:30:20 IST" duration-ms="4598" status="PASS">
          <reporter-output>
          </reporter-output>
        </test-method> <!-- login -->
        <test-method signature="print_All_Products_Test()[pri:0, instance:com.demo.SwagLabs.modules.TC_002_Print_All_Products_Test@6c4906d3]" started-at="2023-01-09T20:30:20 IST" name="print_All_Products_Test" finished-at="2023-01-09T20:30:20 IST" duration-ms="562" status="PASS">
          <reporter-output>
          </reporter-output>
        </test-method> <!-- print_All_Products_Test -->
        <test-method is-config="true" signature="Logout()[pri:0, instance:com.demo.SwagLabs.modules.TC_002_Print_All_Products_Test@6c4906d3]" started-at="2023-01-09T20:30:20 IST" name="Logout" finished-at="2023-01-09T20:30:21 IST" duration-ms="614" status="PASS">
          <reporter-output>
          </reporter-output>
        </test-method> <!-- Logout -->
        <test-method is-config="true" signature="closingBrowser()[pri:0, instance:com.demo.SwagLabs.modules.TC_002_Print_All_Products_Test@6c4906d3]" started-at="2023-01-09T20:30:21 IST" name="closingBrowser" finished-at="2023-01-09T20:30:25 IST" duration-ms="4166" status="PASS">
          <reporter-output>
          </reporter-output>
        </test-method> <!-- closingBrowser -->
      </class> <!-- com.demo.SwagLabs.modules.TC_002_Print_All_Products_Test -->
    </test> <!-- Test_runner_2 -->
  </suite> <!-- Suite -->
</testng-results>
